<?xml version="1.0" encoding="UTF-8"?>
<testsuite name="by.stqa.lesson2.addressbook.tests.GroupCreationTests" tests="4" skipped="0" failures="0" errors="0" timestamp="2019-09-17T07:10:46" hostname="Igor-PC" time="11.955">
  <properties/>
  <testcase name="testGroupCreation[0](GroupData{id='2147483647', name='test0'})" classname="by.stqa.lesson2.addressbook.tests.GroupCreationTests" time="3.667"/>
  <testcase name="testGroupCreation[1](GroupData{id='2147483647', name='test1'})" classname="by.stqa.lesson2.addressbook.tests.GroupCreationTests" time="2.799"/>
  <testcase name="testGroupCreation[2](GroupData{id='2147483647', name='test2'})" classname="by.stqa.lesson2.addressbook.tests.GroupCreationTests" time="2.772"/>
  <testcase name="testGroupCreation[3](GroupData{id='2147483647', name='test3'})" classname="by.stqa.lesson2.addressbook.tests.GroupCreationTests" time="2.715"/>
  <system-out><![CDATA[]]></system-out>
  <system-err><![CDATA[]]></system-err>
</testsuite>
