<?xml version="1.0" encoding="UTF-8"?>
<testsuite name="by.stqa.lesson2.addressbook.tests.GroupDeletionTests" tests="1" skipped="0" failures="0" errors="0" timestamp="2019-09-17T07:11:01" hostname="Igor-PC" time="1.396">
  <properties/>
  <testcase name="testGroupDeletion" classname="by.stqa.lesson2.addressbook.tests.GroupDeletionTests" time="1.396"/>
  <system-out><![CDATA[]]></system-out>
  <system-err><![CDATA[]]></system-err>
</testsuite>
