<?xml version="1.0" encoding="UTF-8"?>
<testsuite name="by.stqa.lesson2.addressbook.tests.GroupModificationTests" tests="1" skipped="0" failures="0" errors="0" timestamp="2019-09-17T07:10:58" hostname="Igor-PC" time="2.569">
  <properties/>
  <testcase name="testGroupModification" classname="by.stqa.lesson2.addressbook.tests.GroupModificationTests" time="2.569"/>
  <system-out><![CDATA[]]></system-out>
  <system-err><![CDATA[]]></system-err>
</testsuite>
