<?xml version="1.0" encoding="UTF-8"?>
<testsuite name="by.stqa.lesson2.addressbook.tests.ContactCreationTests" tests="1" skipped="0" failures="0" errors="0" timestamp="2019-09-17T07:09:44" hostname="Igor-PC" time="12.104">
  <properties/>
  <testcase name="testContactCreation[0](ContactData{id=2147483647, firstname='Ivana_10', lastname='Ivanova_10'})" classname="by.stqa.lesson2.addressbook.tests.ContactCreationTests" time="12.104"/>
  <system-out><![CDATA[]]></system-out>
  <system-err><![CDATA[]]></system-err>
</testsuite>
